[2026-04-13 17:32:09] [INFO] Sistema iniciado: Tabela verificada/criada.
[2026-04-13 17:34:04] [ERRO] Falha ao inicializar banco de dados. | excecao=JdbcSQLSyntaxErrorException: Table "PRODUTOS" already exists; SQL statement:
CREATE TABLE produtos (id BIGINT GENERATED ALWAYS AS IDENTITY PRIMARY KEY,nome VARCHAR(255) NOT NULL,preco DECIMAL(10,2) NOT NULL,quantidade INT NOT NULL DEFAULT 0) [42101-240] @ org.h2.message.DbException.getJdbcSQLException(DbException.java:514)
[2026-04-24 01:25:36] [ERRO] Falha ao inicializar banco de dados. | excecao=JdbcSQLSyntaxErrorException: Table "PRODUTOS" already exists; SQL statement:
CREATE TABLE produtos (id BIGINT GENERATED ALWAYS AS IDENTITY PRIMARY KEY,nome VARCHAR(255) NOT NULL,preco DECIMAL(10,2) NOT NULL,quantidade INT NOT NULL DEFAULT 0) [42101-240] @ org.h2.message.DbException.getJdbcSQLException(DbException.java:514)
[2026-04-24 01:32:21] [INFO] Sistema iniciado: Tabela verificada/criada.
[2026-04-24 01:32:32] [INFO] Sistema encerrado pelo usuário.
[2026-04-24 01:33:15] [INFO] Sistema iniciado: Tabela verificada/criada.
[2026-04-24 01:33:31] [INFO] Produto cadastrado: p1
[2026-04-24 01:34:15] [INFO] Consulta de estoque baixo (Limite: 5).
[2026-04-24 01:34:23] [INFO] Consulta de estoque baixo (Limite: 5).
[2026-04-24 01:34:46] [INFO] Consulta de estoque realizada.
[2026-04-24 01:34:59] [INFO] Produto cadastrado: p2
[2026-04-24 01:35:35] [INFO] Estoque atualizado para ID: 2
[2026-04-24 01:35:41] [INFO] Consulta de estoque baixo (Limite: 4).
[2026-04-24 01:35:50] [INFO] Consulta de estoque baixo (Limite: 2).
[2026-04-24 01:36:00] [INFO] Consulta de estoque baixo (Limite: 9).
[2026-04-24 01:36:07] [INFO] Consulta de estoque baixo (Limite: 10).
[2026-04-24 01:36:11] [INFO] Consulta de estoque realizada.
[2026-04-24 01:36:26] [INFO] Sistema encerrado pelo usuário.
